2025-06-01 21:54:16,993 INFO daemonizing the supervisord process
2025-06-01 21:54:16,993 INFO supervisord started with pid 15339
2025-06-01 21:54:17,996 INFO spawned: 'storedpics' with pid 15342
2025-06-01 21:54:19,239 INFO success: storedpics entered RUNNING state, process has stayed up for > than 1 seconds (startsecs)
2025-06-01 21:55:08,837 CRIT Server 'unix_http_server' running without any HTTP authentication checking
2025-06-01 21:55:08,840 INFO daemonizing the supervisord process
2025-06-01 21:55:08,840 INFO supervisord started with pid 15424
2025-06-01 21:55:09,844 INFO spawned: 'storedpics' with pid 15428
2025-06-01 21:55:10,092 WARN exited: storedpics (exit status 1; not expected)
2025-06-01 21:55:11,096 INFO spawned: 'storedpics' with pid 15429
2025-06-01 21:55:11,326 WARN exited: storedpics (exit status 1; not expected)
2025-06-01 21:55:13,331 INFO spawned: 'storedpics' with pid 15431
2025-06-01 21:55:13,555 WARN exited: storedpics (exit status 1; not expected)
2025-06-01 21:55:16,560 INFO spawned: 'storedpics' with pid 15438
2025-06-01 21:55:16,786 WARN exited: storedpics (exit status 1; not expected)
2025-06-01 21:55:17,787 INFO gave up: storedpics entered FATAL state, too many start retries too quickly
2025-06-01 21:55:29,048 CRIT Server 'inet_http_server' running without any HTTP authentication checking
2025-06-01 21:55:29,050 INFO daemonizing the supervisord process
2025-06-01 21:55:29,050 INFO supervisord started with pid 15443
2025-06-01 21:55:30,054 INFO spawned: 'storedpics' with pid 15447
2025-06-01 21:55:30,320 WARN exited: storedpics (exit status 1; not expected)
2025-06-01 21:55:31,326 INFO spawned: 'storedpics' with pid 15449
2025-06-01 21:55:31,561 WARN exited: storedpics (exit status 1; not expected)
2025-06-01 21:55:33,568 INFO spawned: 'storedpics' with pid 15453
2025-06-01 21:55:33,801 WARN exited: storedpics (exit status 1; not expected)
2025-06-01 21:55:37,300 INFO spawned: 'storedpics' with pid 15457
2025-06-01 21:55:37,580 WARN exited: storedpics (exit status 1; not expected)
2025-06-01 21:55:38,582 INFO gave up: storedpics entered FATAL state, too many start retries too quickly
2025-06-01 21:58:29,404 INFO RPC interface 'supervisor' initialized
2025-06-01 21:58:29,404 CRIT Server 'inet_http_server' running without any HTTP authentication checking
2025-06-01 21:58:29,406 INFO daemonizing the supervisord process
2025-06-01 21:58:29,406 INFO supervisord started with pid 15781
2025-06-01 21:58:30,411 INFO spawned: 'storedpics' with pid 15786
2025-06-01 21:58:30,695 WARN exited: storedpics (exit status 1; not expected)
2025-06-01 21:58:31,700 INFO spawned: 'storedpics' with pid 15788
2025-06-01 21:58:31,931 WARN exited: storedpics (exit status 1; not expected)
2025-06-01 21:58:33,937 INFO spawned: 'storedpics' with pid 15791
2025-06-01 21:58:34,176 WARN exited: storedpics (exit status 1; not expected)
2025-06-01 21:58:37,181 INFO spawned: 'storedpics' with pid 15792
2025-06-01 21:58:37,391 WARN exited: storedpics (exit status 1; not expected)
2025-06-01 21:58:38,393 INFO gave up: storedpics entered FATAL state, too many start retries too quickly
2025-06-01 22:04:25,349 INFO RPC interface 'supervisor' initialized
2025-06-01 22:04:25,349 CRIT Server 'inet_http_server' running without any HTTP authentication checking
2025-06-01 22:04:25,350 INFO daemonizing the supervisord process
2025-06-01 22:04:25,351 INFO supervisord started with pid 16182
2025-06-01 22:04:26,354 INFO spawned: 'storedpics' with pid 16190
2025-06-01 22:04:26,630 WARN exited: storedpics (exit status 1; not expected)
2025-06-01 22:04:27,635 INFO spawned: 'storedpics' with pid 16191
2025-06-01 22:04:27,861 WARN exited: storedpics (exit status 1; not expected)
2025-06-01 22:04:30,633 INFO spawned: 'storedpics' with pid 16203
2025-06-01 22:04:30,858 WARN exited: storedpics (exit status 1; not expected)
2025-06-01 22:04:33,865 INFO spawned: 'storedpics' with pid 16217
2025-06-01 22:04:34,101 WARN exited: storedpics (exit status 1; not expected)
2025-06-01 22:04:35,103 INFO gave up: storedpics entered FATAL state, too many start retries too quickly
2025-06-01 22:04:40,609 WARN exited: storedpics (terminated by SIGKILL; not expected)
2025-06-01 22:04:41,614 INFO spawned: 'storedpics' with pid 16237
2025-06-01 22:04:42,813 INFO success: storedpics entered RUNNING state, process has stayed up for > than 1 seconds (startsecs)
2025-06-01 22:05:05,906 INFO RPC interface 'supervisor' initialized
2025-06-01 22:05:05,906 CRIT Server 'inet_http_server' running without any HTTP authentication checking
2025-06-01 22:05:05,908 INFO daemonizing the supervisord process
2025-06-01 22:05:05,909 INFO supervisord started with pid 16280
2025-06-01 22:05:06,912 INFO spawned: 'storedpics' with pid 16288
2025-06-01 22:05:07,171 WARN exited: storedpics (exit status 1; not expected)
2025-06-01 22:05:08,176 INFO spawned: 'storedpics' with pid 16289
2025-06-01 22:05:08,395 WARN exited: storedpics (exit status 1; not expected)
2025-06-01 22:05:10,861 INFO spawned: 'storedpics' with pid 16299
2025-06-01 22:05:11,075 WARN exited: storedpics (exit status 1; not expected)
2025-06-01 22:05:14,082 INFO spawned: 'storedpics' with pid 16308
2025-06-01 22:05:14,310 WARN exited: storedpics (exit status 1; not expected)
2025-06-01 22:05:15,312 INFO gave up: storedpics entered FATAL state, too many start retries too quickly
2025-06-01 22:05:31,589 INFO RPC interface 'supervisor' initialized
2025-06-01 22:05:31,589 CRIT Server 'inet_http_server' running without any HTTP authentication checking
2025-06-01 22:05:31,591 INFO daemonizing the supervisord process
2025-06-01 22:05:31,592 INFO supervisord started with pid 16340
2025-06-01 22:05:32,595 INFO spawned: 'storedpics' with pid 16357
2025-06-01 22:05:33,840 INFO success: storedpics entered RUNNING state, process has stayed up for > than 1 seconds (startsecs)
2025-06-01 22:10:58,329 INFO RPC interface 'supervisor' initialized
2025-06-01 22:10:58,329 CRIT Server 'inet_http_server' running without any HTTP authentication checking
2025-06-01 22:10:58,331 INFO daemonizing the supervisord process
2025-06-01 22:10:58,332 INFO supervisord started with pid 16732
2025-06-01 22:10:58,417 INFO spawned: 'storedpics' with pid 16734
2025-06-01 22:10:59,626 INFO success: storedpics entered RUNNING state, process has stayed up for > than 1 seconds (startsecs)
2025-06-01 22:25:57,883 WARN exited: storedpics (terminated by SIGKILL; not expected)
2025-06-01 22:25:58,887 INFO spawned: 'storedpics' with pid 17206
2025-06-01 22:26:00,143 INFO success: storedpics entered RUNNING state, process has stayed up for > than 1 seconds (startsecs)
2025-06-01 22:37:21,031 INFO waiting for storedpics to stop
2025-06-01 22:37:21,190 INFO stopped: storedpics (exit status 0)
2025-06-01 22:39:42,627 INFO spawned: 'storedpics' with pid 17755
2025-06-01 22:39:42,717 WARN exited: storedpics (exit status 1; not expected)
2025-06-01 22:39:42,733 INFO spawned: 'storedpics' with pid 17757
2025-06-01 22:39:42,804 WARN exited: storedpics (exit status 1; not expected)
2025-06-01 22:39:44,814 INFO spawned: 'storedpics' with pid 17766
2025-06-01 22:39:44,915 WARN exited: storedpics (exit status 1; not expected)
2025-06-01 22:39:47,923 INFO spawned: 'storedpics' with pid 17769
2025-06-01 22:39:48,018 WARN exited: storedpics (exit status 1; not expected)
2025-06-01 22:39:49,020 INFO gave up: storedpics entered FATAL state, too many start retries too quickly
2025-06-01 22:40:36,041 INFO spawned: 'storedpics' with pid 17853
2025-06-01 22:40:37,395 INFO success: storedpics entered RUNNING state, process has stayed up for > than 1 seconds (startsecs)
